Performing C SOURCE FILE Test CMAKE_HAVE_LIBC_PTHREAD failed with the following output:
Change Dir: /home/behzad/daikin_test/build/CMakeFiles/CMakeTmp

Run Build Command(s):/usr/bin/make cmTC_231b7/fast && /usr/bin/make -f CMakeFiles/cmTC_231b7.dir/build.make CMakeFiles/cmTC_231b7.dir/build
make[1]: Entering directory '/home/behzad/daikin_test/build/CMakeFiles/CMakeTmp'
Building C object CMakeFiles/cmTC_231b7.dir/src.c.o
/usr/bin/cc   -DCMAKE_HAVE_LIBC_PTHREAD   -o CMakeFiles/cmTC_231b7.dir/src.c.o   -c /home/behzad/daikin_test/build/CMakeFiles/CMakeTmp/src.c
Linking C executable cmTC_231b7
/usr/bin/cmake -E cmake_link_script CMakeFiles/cmTC_231b7.dir/link.txt --verbose=1
/usr/bin/cc  -DCMAKE_HAVE_LIBC_PTHREAD    CMakeFiles/cmTC_231b7.dir/src.c.o  -o cmTC_231b7 
/usr/bin/ld: CMakeFiles/cmTC_231b7.dir/src.c.o: in function `main':
src.c:(.text+0x46): undefined reference to `pthread_create'
/usr/bin/ld: src.c:(.text+0x52): undefined reference to `pthread_detach'
/usr/bin/ld: src.c:(.text+0x63): undefined reference to `pthread_join'
collect2: error: ld returned 1 exit status
make[1]: *** [CMakeFiles/cmTC_231b7.dir/build.make:87: cmTC_231b7] Error 1
make[1]: Leaving directory '/home/behzad/daikin_test/build/CMakeFiles/CMakeTmp'
make: *** [Makefile:121: cmTC_231b7/fast] Error 2


Source file was:
#include <pthread.h>

void* test_func(void* data)
{
  return data;
}

int main(void)
{
  pthread_t thread;
  pthread_create(&thread, NULL, test_func, NULL);
  pthread_detach(thread);
  pthread_join(thread, NULL);
  pthread_atfork(NULL, NULL, NULL);
  pthread_exit(NULL);

  return 0;
}

Determining if the function pthread_create exists in the pthreads failed with the following output:
Change Dir: /home/behzad/daikin_test/build/CMakeFiles/CMakeTmp

Run Build Command(s):/usr/bin/make cmTC_3f710/fast && /usr/bin/make -f CMakeFiles/cmTC_3f710.dir/build.make CMakeFiles/cmTC_3f710.dir/build
make[1]: Entering directory '/home/behzad/daikin_test/build/CMakeFiles/CMakeTmp'
Building C object CMakeFiles/cmTC_3f710.dir/CheckFunctionExists.c.o
/usr/bin/cc   -DCHECK_FUNCTION_EXISTS=pthread_create   -o CMakeFiles/cmTC_3f710.dir/CheckFunctionExists.c.o   -c /usr/share/cmake-3.16/Modules/CheckFunctionExists.c
Linking C executable cmTC_3f710
/usr/bin/cmake -E cmake_link_script CMakeFiles/cmTC_3f710.dir/link.txt --verbose=1
/usr/bin/cc  -DCHECK_FUNCTION_EXISTS=pthread_create    CMakeFiles/cmTC_3f710.dir/CheckFunctionExists.c.o  -o cmTC_3f710  -lpthreads 
/usr/bin/ld: cannot find -lpthreads
collect2: error: ld returned 1 exit status
make[1]: *** [CMakeFiles/cmTC_3f710.dir/build.make:87: cmTC_3f710] Error 1
make[1]: Leaving directory '/home/behzad/daikin_test/build/CMakeFiles/CMakeTmp'
make: *** [Makefile:121: cmTC_3f710/fast] Error 2



Performing C SOURCE FILE Test CMAKE_HAVE_LIBC_PTHREAD failed with the following output:
Change Dir: /home/behzad/daikin_test/build/CMakeFiles/CMakeTmp

Run Build Command(s):/usr/bin/make cmTC_edf45/fast && /usr/bin/make -f CMakeFiles/cmTC_edf45.dir/build.make CMakeFiles/cmTC_edf45.dir/build
make[1]: Entering directory '/home/behzad/daikin_test/build/CMakeFiles/CMakeTmp'
Building C object CMakeFiles/cmTC_edf45.dir/src.c.o
/usr/bin/cc   -DCMAKE_HAVE_LIBC_PTHREAD   -o CMakeFiles/cmTC_edf45.dir/src.c.o   -c /home/behzad/daikin_test/build/CMakeFiles/CMakeTmp/src.c
Linking C executable cmTC_edf45
/usr/bin/cmake -E cmake_link_script CMakeFiles/cmTC_edf45.dir/link.txt --verbose=1
/usr/bin/cc  -DCMAKE_HAVE_LIBC_PTHREAD    CMakeFiles/cmTC_edf45.dir/src.c.o  -o cmTC_edf45 
/usr/bin/ld: CMakeFiles/cmTC_edf45.dir/src.c.o: in function `main':
src.c:(.text+0x46): undefined reference to `pthread_create'
/usr/bin/ld: src.c:(.text+0x52): undefined reference to `pthread_detach'
/usr/bin/ld: src.c:(.text+0x63): undefined reference to `pthread_join'
collect2: error: ld returned 1 exit status
make[1]: *** [CMakeFiles/cmTC_edf45.dir/build.make:87: cmTC_edf45] Error 1
make[1]: Leaving directory '/home/behzad/daikin_test/build/CMakeFiles/CMakeTmp'
make: *** [Makefile:121: cmTC_edf45/fast] Error 2


Source file was:
#include <pthread.h>

void* test_func(void* data)
{
  return data;
}

int main(void)
{
  pthread_t thread;
  pthread_create(&thread, NULL, test_func, NULL);
  pthread_detach(thread);
  pthread_join(thread, NULL);
  pthread_atfork(NULL, NULL, NULL);
  pthread_exit(NULL);

  return 0;
}

Determining if the function pthread_create exists in the pthreads failed with the following output:
Change Dir: /home/behzad/daikin_test/build/CMakeFiles/CMakeTmp

Run Build Command(s):/usr/bin/make cmTC_9ddac/fast && /usr/bin/make -f CMakeFiles/cmTC_9ddac.dir/build.make CMakeFiles/cmTC_9ddac.dir/build
make[1]: Entering directory '/home/behzad/daikin_test/build/CMakeFiles/CMakeTmp'
Building C object CMakeFiles/cmTC_9ddac.dir/CheckFunctionExists.c.o
/usr/bin/cc   -DCHECK_FUNCTION_EXISTS=pthread_create   -o CMakeFiles/cmTC_9ddac.dir/CheckFunctionExists.c.o   -c /usr/share/cmake-3.16/Modules/CheckFunctionExists.c
Linking C executable cmTC_9ddac
/usr/bin/cmake -E cmake_link_script CMakeFiles/cmTC_9ddac.dir/link.txt --verbose=1
/usr/bin/cc  -DCHECK_FUNCTION_EXISTS=pthread_create    CMakeFiles/cmTC_9ddac.dir/CheckFunctionExists.c.o  -o cmTC_9ddac  -lpthreads 
/usr/bin/ld: cannot find -lpthreads
collect2: error: ld returned 1 exit status
make[1]: *** [CMakeFiles/cmTC_9ddac.dir/build.make:87: cmTC_9ddac] Error 1
make[1]: Leaving directory '/home/behzad/daikin_test/build/CMakeFiles/CMakeTmp'
make: *** [Makefile:121: cmTC_9ddac/fast] Error 2



